Pig Stack Trace
---------------
ERROR 1200: <line 4, column 25>  mismatched input ',' expecting RIGHT_PAREN

Failed to parse: <line 4, column 25>  mismatched input ',' expecting RIGHT_PAREN
	at org.apache.pig.parser.QueryParserDriver.parse(QueryParserDriver.java:244)
	at org.apache.pig.parser.QueryParserDriver.parse(QueryParserDriver.java:182)
	at org.apache.pig.PigServer$Graph.validateQuery(PigServer.java:1791)
	at org.apache.pig.PigServer$Graph.registerQuery(PigServer.java:1764)
	at org.apache.pig.PigServer.registerQuery(PigServer.java:707)
	at org.apache.pig.tools.grunt.GruntParser.processPig(GruntParser.java:1075)
	at org.apache.pig.tools.pigscript.parser.PigScriptParser.parse(PigScriptParser.java:505)
	at org.apache.pig.tools.grunt.GruntParser.parseStopOnError(GruntParser.java:231)
	at org.apache.pig.tools.grunt.GruntParser.parseStopOnError(GruntParser.java:206)
	at org.apache.pig.tools.grunt.Grunt.run(Grunt.java:66)
	at org.apache.pig.Main.run(Main.java:564)
	at org.apache.pig.Main.main(Main.java:176)
	at sun.reflect.NativeMethodAccessorImpl.invoke0(Native Method)
	at sun.reflect.NativeMethodAccessorImpl.invoke(NativeMethodAccessorImpl.java:57)
	at sun.reflect.DelegatingMethodAccessorImpl.invoke(DelegatingMethodAccessorImpl.java:43)
	at java.lang.reflect.Method.invoke(Method.java:606)
	at org.apache.hadoop.util.RunJar.run(RunJar.java:221)
	at org.apache.hadoop.util.RunJar.main(RunJar.java:136)
================================================================================
Pig Stack Trace
---------------
ERROR 1200: <line 4, column 25>  mismatched input ',' expecting RIGHT_PAREN

Failed to parse: <line 4, column 25>  mismatched input ',' expecting RIGHT_PAREN
	at org.apache.pig.parser.QueryParserDriver.parse(QueryParserDriver.java:244)
	at org.apache.pig.parser.QueryParserDriver.parse(QueryParserDriver.java:182)
	at org.apache.pig.PigServer$Graph.validateQuery(PigServer.java:1791)
	at org.apache.pig.PigServer$Graph.registerQuery(PigServer.java:1764)
	at org.apache.pig.PigServer.registerQuery(PigServer.java:707)
	at org.apache.pig.tools.grunt.GruntParser.processPig(GruntParser.java:1075)
	at org.apache.pig.tools.pigscript.parser.PigScriptParser.parse(PigScriptParser.java:505)
	at org.apache.pig.tools.grunt.GruntParser.parseStopOnError(GruntParser.java:231)
	at org.apache.pig.tools.grunt.GruntParser.parseStopOnError(GruntParser.java:206)
	at org.apache.pig.tools.grunt.Grunt.run(Grunt.java:66)
	at org.apache.pig.Main.run(Main.java:564)
	at org.apache.pig.Main.main(Main.java:176)
	at sun.reflect.NativeMethodAccessorImpl.invoke0(Native Method)
	at sun.reflect.NativeMethodAccessorImpl.invoke(NativeMethodAccessorImpl.java:57)
	at sun.reflect.DelegatingMethodAccessorImpl.invoke(DelegatingMethodAccessorImpl.java:43)
	at java.lang.reflect.Method.invoke(Method.java:606)
	at org.apache.hadoop.util.RunJar.run(RunJar.java:221)
	at org.apache.hadoop.util.RunJar.main(RunJar.java:136)
================================================================================
Pig Stack Trace
---------------
ERROR 1200: <line 6, column 6>  Syntax error, unexpected symbol at or near '='

Failed to parse: <line 6, column 6>  Syntax error, unexpected symbol at or near '='
	at org.apache.pig.parser.QueryParserDriver.parse(QueryParserDriver.java:244)
	at org.apache.pig.parser.QueryParserDriver.parse(QueryParserDriver.java:182)
	at org.apache.pig.PigServer$Graph.validateQuery(PigServer.java:1791)
	at org.apache.pig.PigServer$Graph.registerQuery(PigServer.java:1764)
	at org.apache.pig.PigServer.registerQuery(PigServer.java:707)
	at org.apache.pig.tools.grunt.GruntParser.processPig(GruntParser.java:1075)
	at org.apache.pig.tools.pigscript.parser.PigScriptParser.parse(PigScriptParser.java:505)
	at org.apache.pig.tools.grunt.GruntParser.parseStopOnError(GruntParser.java:231)
	at org.apache.pig.tools.grunt.GruntParser.parseStopOnError(GruntParser.java:206)
	at org.apache.pig.tools.grunt.Grunt.run(Grunt.java:66)
	at org.apache.pig.Main.run(Main.java:564)
	at org.apache.pig.Main.main(Main.java:176)
	at sun.reflect.NativeMethodAccessorImpl.invoke0(Native Method)
	at sun.reflect.NativeMethodAccessorImpl.invoke(NativeMethodAccessorImpl.java:57)
	at sun.reflect.DelegatingMethodAccessorImpl.invoke(DelegatingMethodAccessorImpl.java:43)
	at java.lang.reflect.Method.invoke(Method.java:606)
	at org.apache.hadoop.util.RunJar.run(RunJar.java:221)
	at org.apache.hadoop.util.RunJar.main(RunJar.java:136)
================================================================================
Pig Stack Trace
---------------
ERROR 1200: <line 6, column 6>  Syntax error, unexpected symbol at or near '='

Failed to parse: <line 6, column 6>  Syntax error, unexpected symbol at or near '='
	at org.apache.pig.parser.QueryParserDriver.parse(QueryParserDriver.java:244)
	at org.apache.pig.parser.QueryParserDriver.parse(QueryParserDriver.java:182)
	at org.apache.pig.PigServer$Graph.validateQuery(PigServer.java:1791)
	at org.apache.pig.PigServer$Graph.registerQuery(PigServer.java:1764)
	at org.apache.pig.PigServer.registerQuery(PigServer.java:707)
	at org.apache.pig.tools.grunt.GruntParser.processPig(GruntParser.java:1075)
	at org.apache.pig.tools.pigscript.parser.PigScriptParser.parse(PigScriptParser.java:505)
	at org.apache.pig.tools.grunt.GruntParser.parseStopOnError(GruntParser.java:231)
	at org.apache.pig.tools.grunt.GruntParser.parseStopOnError(GruntParser.java:206)
	at org.apache.pig.tools.grunt.Grunt.run(Grunt.java:66)
	at org.apache.pig.Main.run(Main.java:564)
	at org.apache.pig.Main.main(Main.java:176)
	at sun.reflect.NativeMethodAccessorImpl.invoke0(Native Method)
	at sun.reflect.NativeMethodAccessorImpl.invoke(NativeMethodAccessorImpl.java:57)
	at sun.reflect.DelegatingMethodAccessorImpl.invoke(DelegatingMethodAccessorImpl.java:43)
	at java.lang.reflect.Method.invoke(Method.java:606)
	at org.apache.hadoop.util.RunJar.run(RunJar.java:221)
	at org.apache.hadoop.util.RunJar.main(RunJar.java:136)
================================================================================
Pig Stack Trace
---------------
ERROR 1025: 
<line 7, column 25> Invalid field projection. Projected field [eu] does not exist in schema: group:int,discos:bag{:tuple(year:int,name:chararray,eu:int,uk:int)}.

org.apache.pig.impl.plan.PlanValidationException: ERROR 1025: 
<line 7, column 25> Invalid field projection. Projected field [eu] does not exist in schema: group:int,discos:bag{:tuple(year:int,name:chararray,eu:int,uk:int)}.
	at org.apache.pig.newplan.logical.expression.ProjectExpression.findColNum(ProjectExpression.java:191)
	at org.apache.pig.newplan.logical.expression.ProjectExpression.setColumnNumberFromAlias(ProjectExpression.java:174)
	at org.apache.pig.newplan.logical.visitor.ColumnAliasConversionVisitor$1.visit(ColumnAliasConversionVisitor.java:53)
	at org.apache.pig.newplan.logical.expression.ProjectExpression.accept(ProjectExpression.java:215)
	at org.apache.pig.newplan.DependencyOrderWalker.walk(DependencyOrderWalker.java:75)
	at org.apache.pig.newplan.PlanVisitor.visit(PlanVisitor.java:52)
	at org.apache.pig.newplan.logical.optimizer.AllExpressionVisitor.visitAll(AllExpressionVisitor.java:72)
	at org.apache.pig.newplan.logical.optimizer.AllExpressionVisitor.visit(AllExpressionVisitor.java:161)
	at org.apache.pig.newplan.logical.relational.LOSort.accept(LOSort.java:121)
	at org.apache.pig.newplan.DependencyOrderWalker.walk(DependencyOrderWalker.java:75)
	at org.apache.pig.newplan.PlanVisitor.visit(PlanVisitor.java:52)
	at org.apache.pig.newplan.logical.relational.LogicalPlan.validate(LogicalPlan.java:175)
	at org.apache.pig.PigServer$Graph.validateQuery(PigServer.java:1792)
	at org.apache.pig.PigServer$Graph.registerQuery(PigServer.java:1764)
	at org.apache.pig.PigServer.registerQuery(PigServer.java:707)
	at org.apache.pig.tools.grunt.GruntParser.processPig(GruntParser.java:1075)
	at org.apache.pig.tools.pigscript.parser.PigScriptParser.parse(PigScriptParser.java:505)
	at org.apache.pig.tools.grunt.GruntParser.parseStopOnError(GruntParser.java:231)
	at org.apache.pig.tools.grunt.GruntParser.parseStopOnError(GruntParser.java:206)
	at org.apache.pig.tools.grunt.Grunt.run(Grunt.java:66)
	at org.apache.pig.Main.run(Main.java:564)
	at org.apache.pig.Main.main(Main.java:176)
	at sun.reflect.NativeMethodAccessorImpl.invoke0(Native Method)
	at sun.reflect.NativeMethodAccessorImpl.invoke(NativeMethodAccessorImpl.java:57)
	at sun.reflect.DelegatingMethodAccessorImpl.invoke(DelegatingMethodAccessorImpl.java:43)
	at java.lang.reflect.Method.invoke(Method.java:606)
	at org.apache.hadoop.util.RunJar.run(RunJar.java:221)
	at org.apache.hadoop.util.RunJar.main(RunJar.java:136)
================================================================================
Pig Stack Trace
---------------
ERROR 1000: Error during parsing. Encountered " <IDENTIFIER> "exit "" at line 37, column 1.
Was expecting one of:
    <EOF> 
    "cat" ...
    "clear" ...
    "fs" ...
    "sh" ...
    "cd" ...
    "cp" ...
    "copyFromLocal" ...
    "copyToLocal" ...
    "dump" ...
    "\\d" ...
    "describe" ...
    "\\de" ...
    "aliases" ...
    "explain" ...
    "\\e" ...
    "help" ...
    "history" ...
    "kill" ...
    "ls" ...
    "mv" ...
    "mkdir" ...
    "pwd" ...
    "quit" ...
    "\\q" ...
    "register" ...
    "rm" ...
    "rmf" ...
    "set" ...
    "illustrate" ...
    "\\i" ...
    "run" ...
    "exec" ...
    "%default" ...
    "%declare" ...
    "scriptDone" ...
    "" ...
    "" ...
    <EOL> ...
    ";" ...
    

org.apache.pig.tools.pigscript.parser.ParseException: Encountered " <IDENTIFIER> "exit "" at line 37, column 1.
Was expecting one of:
    <EOF> 
    "cat" ...
    "clear" ...
    "fs" ...
    "sh" ...
    "cd" ...
    "cp" ...
    "copyFromLocal" ...
    "copyToLocal" ...
    "dump" ...
    "\\d" ...
    "describe" ...
    "\\de" ...
    "aliases" ...
    "explain" ...
    "\\e" ...
    "help" ...
    "history" ...
    "kill" ...
    "ls" ...
    "mv" ...
    "mkdir" ...
    "pwd" ...
    "quit" ...
    "\\q" ...
    "register" ...
    "rm" ...
    "rmf" ...
    "set" ...
    "illustrate" ...
    "\\i" ...
    "run" ...
    "exec" ...
    "%default" ...
    "%declare" ...
    "scriptDone" ...
    "" ...
    "" ...
    <EOL> ...
    ";" ...
    
	at org.apache.pig.tools.pigscript.parser.PigScriptParser.generateParseException(PigScriptParser.java:1498)
	at org.apache.pig.tools.pigscript.parser.PigScriptParser.handle_invalid_command(PigScriptParser.java:1306)
	at org.apache.pig.tools.pigscript.parser.PigScriptParser.parse(PigScriptParser.java:726)
	at org.apache.pig.tools.grunt.GruntParser.parseStopOnError(GruntParser.java:231)
	at org.apache.pig.tools.grunt.GruntParser.parseStopOnError(GruntParser.java:206)
	at org.apache.pig.tools.grunt.Grunt.run(Grunt.java:66)
	at org.apache.pig.Main.run(Main.java:564)
	at org.apache.pig.Main.main(Main.java:176)
	at sun.reflect.NativeMethodAccessorImpl.invoke0(Native Method)
	at sun.reflect.NativeMethodAccessorImpl.invoke(NativeMethodAccessorImpl.java:57)
	at sun.reflect.DelegatingMethodAccessorImpl.invoke(DelegatingMethodAccessorImpl.java:43)
	at java.lang.reflect.Method.invoke(Method.java:606)
	at org.apache.hadoop.util.RunJar.run(RunJar.java:221)
	at org.apache.hadoop.util.RunJar.main(RunJar.java:136)
================================================================================
